<?xml version="1.0" encoding="UTF-8"?>
<!-- Generated by org.testng.reporters.JUnitReportReporter -->
<testsuite hostname="MBP-von-Engin.fritz.box" failures="0" tests="1" name="runners.Runner" time="43.184" errors="0" timestamp="2023-09-26T11:51:07 MESZ" skipped="0">
  <testcase classname="runners.Runner" name="runScenario" time="43.184"/>
  <system-out/>
</testsuite> <!-- runners.Runner -->
